"../../../Engine/Content/EditorResources/S_Actor.uasset" 0
"../../../Engine/Content/EditorResources/S_Emitter.uasset" 1
"../../../Engine/Content/EngineResources/AICON-Red.uasset" 2
"../../../Engine/Content/EngineResources/AICON-Green.uasset" 3
"../../../Engine/Content/EngineFonts/Roboto.uasset" 4
"../../../Engine/Content/Functions/Engine_MaterialFunctions01/Shading/PowerToRoughness.uasset" 5
"../../../Engine/Content/EngineMaterials/DefaultDiffuse.uasset" 6
"../../../Engine/Content/EngineMaterials/DefaultDeferredDecalMaterial.uasset" 7
"../../../Engine/Content/EngineMaterials/DefaultLightFunctionMaterial.uasset" 8
"../../../Engine/Content/Functions/Engine_MaterialFunctions02/Utility/BreakOutFloat2Components.uasset" 9
"../../../Engine/Content/EngineMaterials/DefaultPostProcessMaterial.uasset" 10
"../../../Engine/Content/EngineResources/DefaultTexture.uasset" 11
"../../../Engine/Content/Functions/Engine_MaterialFunctions01/Texturing/ScaleUVsByCenter.uasset" 12
"../../../Engine/Content/Functions/Engine_MaterialFunctions02/ScreenResolution.uasset" 13
"../../../Engine/Content/Functions/Engine_MaterialFunctions02/Texturing/ScreenAlignedUVs.uasset" 14
"../../../Engine/Content/EngineResources/WhiteSquareTexture.uasset" 15
"../../../Engine/Content/EngineMaterials/Widget3DPassThrough.uasset" 16
"../../../Engine/Content/EngineMaterials/Widget3DPassThrough_Translucent.uasset" 17
"../../../Engine/Content/EngineMaterials/Widget3DPassThrough_Translucent_OneSided.uasset" 18
"../../../Engine/Content/EngineMaterials/Widget3DPassThrough_Opaque.uasset" 19
"../../../Engine/Content/EngineMaterials/Widget3DPassThrough_Opaque_OneSided.uasset" 20
"../../../Engine/Content/EngineMaterials/Widget3DPassThrough_Masked.uasset" 21
"../../../Engine/Content/EngineMaterials/Widget3DPassThrough_Masked_OneSided.uasset" 22
"../../../Engine/Content/EditorResources/S_LevelSequence.uasset" 23
"../../../Engine/Content/EditorResources/Bad.uasset" 24
"../../../Engine/Content/EditorMeshes/EditorCube.uasset" 25
"../../../Engine/Content/EditorMeshes/EditorSphere.uasset" 26
"../../../Engine/Content/EditorMeshes/EditorPlane.uasset" 27
"../../../Engine/Content/EditorMeshes/EditorCylinder.uasset" 28
"../../../Engine/Content/Maps/Templates/Thumbnails/Default.uasset" 29
"../../../Engine/Content/Maps/Templates/Thumbnails/VR-Basic.uasset" 30
"../../../Engine/Content/EditorMaterials/Thumbnails/SkySphereMaterial.uasset" 31
"../../../Engine/Content/EditorMeshes/EditorSkySphere.uasset" 32
"../../../Engine/Content/EngineMaterials/Grid.uasset" 33
"../../../Engine/Content/EditorMaterials/Thumbnails/FloorPlaneMaterial.uasset" 34
"../../../Engine/Content/MapTemplates/Sky/DaylightAmbientCubemap.uasset" 35
"../../../Engine/Content/EditorMaterials/ParticleSystems/PSysThumbnail_NoImage.uasset" 36
"../../../Engine/Content/EditorMaterials/ParticleSystems/PSysThumbnail_OOD.uasset" 37
"../../../Engine/Content/EditorResources/S_DecalActorIcon.uasset" 38
"../../../Engine/Content/EditorLandscapeResources/LandscapeGizmo_Mat.uasset" 39
"../../../Engine/Content/EditorLandscapeResources/LandscapeGizmo_Mat_Copied.uasset" 40
"../../../Engine/Content/EditorLandscapeResources/LandscapeGizmoHeight_Mat.uasset" 41
"../../../Engine/Content/EditorLandscapeResources/DataLayer.uasset" 42
"../../../Engine/Content/EditorResources/S_Terrain.uasset" 43
"../../../Engine/Content/EditorLandscapeResources/SplineEditorMeshMat.uasset" 44
"../../../Engine/Content/EditorLandscapeResources/SplineEditorMesh.uasset" 45
"../../../Engine/Content/EditorResources/MatineeCam_D.uasset" 46
"../../../Engine/Content/EditorMaterials/MatineeCam_mat.uasset" 47
"../../../Engine/Content/EditorMeshes/MatineeCam_SM.uasset" 48
"../../../Engine/Content/Functions/Engine_MaterialFunctions02/Utility/Sign.uasset" 49
"../../../Engine/Content/Functions/Engine_MaterialFunctions02/Utility/Round.uasset" 50
"../../../Engine/Content/Functions/Engine_MaterialFunctions02/ExampleContent/Textures/flipbook.uasset" 51
"../../../Engine/Content/Functions/Engine_MaterialFunctions02/Texturing/FlipBook.uasset" 52
"../../../Engine/Content/EditorResources/T_EditorHelp.uasset" 53
"../../../Engine/Content/EditorMaterials/HelpActorMaterial.uasset" 54
"../../../Engine/Content/EditorResources/S_ExpoHeightFog.uasset" 55
"../../../Engine/Content/EditorResources/S_NavP.uasset" 56
"../../../Engine/Content/EditorResources/S_Player.uasset" 57
"../../../Engine/Content/EditorResources/LightIcons/SkyLight.uasset" 58
"../../../Engine/Content/EditorResources/S_WindDirectional.uasset" 59
"../../../Engine/Content/EngineDamageTypes/DmgTypeBP_Environmental.uasset" 60
"../../../Engine/Content/EditorResources/LightIcons/S_LightDirectional.uasset" 61
"../../../Engine/Content/EditorResources/LightIcons/S_LightDirectionalMove.uasset" 62
"../../../Engine/Content/EditorResources/LightIcons/S_LightPoint.uasset" 63
"../../../Engine/Content/EditorResources/LightIcons/S_LightPointMove.uasset" 64
"../../../Engine/Content/EditorResources/LightIcons/S_LightSpot.uasset" 65
"../../../Engine/Content/EditorResources/LightIcons/S_LightSpotMove.uasset" 66
"../../../Engine/Content/EditorResources/S_PortalActorIcon2.uasset" 67
"../../../Engine/Content/EditorResources/MatInstActSprite.uasset" 68
"../../../Engine/Content/EditorResources/SceneManager.uasset" 69
"../../../Engine/Content/EditorResources/AI/S_NavLink.uasset" 70
"../../../Engine/Content/EditorResources/S_Note.uasset" 71
"../../../Engine/Content/EngineMeshes/Sphere.uasset" 72
"../../../Engine/Content/EditorResources/S_ReflActorIcon.uasset" 73
"../../../Engine/Content/EditorResources/S_Thruster.uasset" 74
"../../../Engine/Content/EditorResources/S_RadForce.uasset" 75
"../../../Engine/Content/EditorMaterials/TargetIcon.uasset" 76
"../../../Engine/Content/EngineFonts/RobotoDistanceField.uasset" 77
"../../../Engine/Content/EngineMaterials/DefaultTextMaterialOpaque.uasset" 78
"../../../Engine/Content/EditorResources/S_TextRenderActorIcon.uasset" 79
"../../../Engine/Content/EditorResources/S_Trigger.uasset" 80
"../../../Engine/Content/EditorResources/S_VectorFieldVol.uasset" 81
"../../../Engine/Content/EngineResources/GradientTexture0.uasset" 82
"../../../Engine/Content/EngineResources/Black.uasset" 83
"../../../Engine/Content/EditorMaterials/MatineeGroups/MAT_Groups_Float.uasset" 84
"../../../Engine/Content/EditorMaterials/MatineeGroups/MAT_Groups_Director.uasset" 85
"../../../Engine/Content/EditorMaterials/MatineeGroups/MAT_Groups_Event.uasset" 86
"../../../Engine/Content/EditorMaterials/MatineeGroups/MAT_Groups_Anim.uasset" 87
"../../../Engine/Content/EditorMaterials/MatineeGroups/MAT_Groups_Fade.uasset" 88
"../../../Engine/Content/EditorMaterials/MatineeGroups/MAT_Groups_Move.uasset" 89
"../../../Engine/Content/EditorMaterials/MatineeGroups/MAT_Groups_Slomo.uasset" 90
"../../../Engine/Content/EditorMaterials/MatineeGroups/MAT_ColorTrack.uasset" 91
"../../../Engine/Content/EditorMaterials/MAT_Groups_Toggle.uasset" 92
"../../../Engine/Content/EditorMaterials/MatineeGroups/MAT_Groups_AudioMaster.uasset" 93
"../../../Engine/Content/EditorMaterials/MatineeGroups/MAT_Groups_Sound.uasset" 94
"../../../Engine/Content/EditorMaterials/MatineeGroups/MAT_Groups_Vector.uasset" 95
"../../../Engine/Content/EditorMaterials/MAT_Groups_Visibility.uasset" 96
"../../../Engine/Content/EngineResources/DefaultTextureCube.uasset" 97
"../../../Engine/Content/Functions/Engine_MaterialFunctions01/Opacity/CameraDepthFade.uasset" 98
"../../../Engine/Content/EngineMaterials/T_Default_Material_Grid_M.uasset" 99
"../../../Engine/Content/EngineMaterials/T_Default_Material_Grid_N.uasset" 100
"../../../Engine/Content/EngineMaterials/DefaultMaterial.uasset" 101
"../../../Engine/Content/EngineMeshes/Cylinder.uasset" 102
"../../../Engine/Content/EngineTireTypes/DefaultTireType.uasset" 103
"../../../Engine/Content/EditorMaterials/Camera/CineMat.uasset" 104
"../../../Engine/Content/EditorMaterials/Camera/MI_CineMat_Rig.uasset" 105
"../../../Engine/Content/EditorMeshes/Camera/SM_CraneRig_Base.uasset" 106
"../../../Engine/Content/EditorMeshes/Camera/SM_CraneRig_Arm.uasset" 107
"../../../Engine/Content/EditorMeshes/Camera/SM_CraneRig_Mount.uasset" 108
"../../../Engine/Content/EditorMeshes/Camera/SM_CraneRig_Body.uasset" 109
"../../../Engine/Content/EditorMeshes/Camera/SM_RailRig_Track.uasset" 110
"../../../Engine/Content/EditorMeshes/Camera/SM_RailRig_Mount.uasset" 111
"../../../Engine/Content/EditorMaterials/Camera/MI_CineMat_CameraBody.uasset" 112
"../../../Engine/Content/EngineDebugMaterials/M_SimpleOpaque.uasset" 113
"../../../Engine/Content/EditorMaterials/Camera/MI_CineMat_CamViewFinder.uasset" 114
"../../../Engine/Content/EditorMeshes/Camera/SM_CineCam.uasset" 115
"../../../Engine/Content/EngineMaterials/WorldGridMaterial.uasset" 116
"../../../Engine/Content/ArtTools/RenderToTexture/Meshes/S_1_Unit_Plane.uasset" 117
"../../../Engine/Content/EngineDebugMaterials/M_SimpleTranslucent.uasset" 118
"../../../Engine/Content/EditorResources/S_FTest.uasset" 119
"../../../Engine/Content/VREditor/LaserPointer/VR_LaserPower_01.uasset" 120
"../../../Engine/Content/VREditor/TransformGizmo/TransformGizmoMaterial.uasset" 121
"../../../Engine/Content/VREditor/TransformGizmo/TranslucentTransformGizmoMaterial.uasset" 122
"../../../Engine/Content/VREditor/TransformGizmo/TranslationHandle.uasset" 123
"../../../Engine/Content/VREditor/TransformGizmo/PlaneTranslationHandle.uasset" 124
"../../../Engine/Content/VREditor/TransformGizmo/RotationHandle.uasset" 125
"../../../Engine/Content/VREditor/TransformGizmo/StretchingHandle.uasset" 126
"../../../Engine/Content/VREditor/TransformGizmo/BoundingBoxCorner.uasset" 127
"../../../Engine/Content/VREditor/TransformGizmo/BoundingBoxEdge.uasset" 128
"../../../Engine/Content/VREditor/TransformGizmo/UniformScaleHandle.uasset" 129
"../../../Engine/Content/VREditor/FloatingText/LineMaterial.uasset" 130
"../../../Engine/Content/VREditor/FloatingText/LineSegmentCylinder.uasset" 131
"../../../Engine/Content/VREditor/FloatingText/JointSphere.uasset" 132
"../../../Engine/Content/VREditor/Fonts/VRText_RobotoLarge.uasset" 133
"../../../Engine/Content/VREditor/Fonts/VRTextMaterial.uasset" 134
"../../../Engine/Content/VREditor/Fonts/TranslucentVRTextMaterial.uasset" 135
"../../../Engine/Content/VREditor/UI/SelectionBarMesh.uasset" 136
"../../../Engine/Content/VREditor/UI/CloseButtonMesh.uasset" 137
"../../../Engine/Plugins/2D/Paper2D/Content/PlaceholderTextures/DummySpriteTexture.uasset" 138
"../../../Engine/Plugins/2D/Paper2D/Content/DefaultSpriteMaterial.uasset" 139
"../../../Engine/Plugins/2D/Paper2D/Content/MaskedUnlitSpriteMaterial.uasset" 140
"../../../Engine/Plugins/2D/Paper2D/Content/OpaqueUnlitSpriteMaterial.uasset" 141
"../../../Engine/Plugins/2D/Paper2D/Content/DummySprite.uasset" 142
"../../../Engine/Plugins/2D/Paper2D/Content/DefaultPaperTerrainMaterial.uasset" 143
"../../../Engine/Content/EditorSounds/Notifications/CompileSuccess.uasset" 144
"../../../Engine/Content/EditorSounds/Notifications/CompileStart_Cue.uasset" 145
"../../../Engine/Content/EditorSounds/Notifications/CompileSuccess_Cue.uasset" 146
"../../../Engine/Content/EditorSounds/Notifications/CompileFailed.uasset" 147
"../../../Engine/Content/EditorSounds/Notifications/CompileFailed_Cue.uasset" 148
"../../../Engine/Content/BufferVisualization/BaseColor.uasset" 149
"../../../Engine/Content/BufferVisualization/CustomDepth.uasset" 150
"../../../Engine/Content/Functions/Engine_MaterialFunctions02/Utility/MakeFloat2.uasset" 151
"../../../Engine/Content/Functions/Engine_MaterialFunctions02/Utility/MakeFloat3.uasset" 152
"../../../Engine/Content/EngineMaterials/MiniFont.uasset" 153
"../../../Engine/Content/BufferVisualization/CustomStencil.uasset" 154
"../../../Engine/Content/BufferVisualization/FinalImage.uasset" 155
"../../../Engine/Content/BufferVisualization/LightingModel.uasset" 156
"../../../Engine/Content/BufferVisualization/MaterialAO.uasset" 157
"../../../Engine/Content/BufferVisualization/Metallic.uasset" 158
"../../../Engine/Content/BufferVisualization/Opacity.uasset" 159
"../../../Engine/Content/BufferVisualization/Roughness.uasset" 160
"../../../Engine/Content/BufferVisualization/SceneColor.uasset" 161
"../../../Engine/Content/BufferVisualization/SceneDepth.uasset" 162
"../../../Engine/Content/BufferVisualization/SeparateTranslucencyRGB.uasset" 163
"../../../Engine/Content/BufferVisualization/SeparateTranslucencyA.uasset" 164
"../../../Engine/Content/BufferVisualization/Specular.uasset" 165
"../../../Engine/Content/BufferVisualization/SubsurfaceColor.uasset" 166
"../../../Engine/Content/BufferVisualization/WorldNormal.uasset" 167
"../../../Engine/Content/EngineMaterials/DefaultPhysicalMaterial.uasset" 168
"../../../Engine/Content/BufferVisualization/AmbientOcclusion.uasset" 169
"../../../Engine/Content/Functions/Engine_MaterialFunctions02/Utility/VectorLength.uasset" 170
"../../../Engine/Content/BufferVisualization/CustomDepthWorldUnits.uasset" 171
"../../../Engine/Content/BufferVisualization/SceneDepthWorldUnits.uasset" 172
"../../../Engine/Content/BufferVisualization/HDRColor.uasset" 173
"../../../Engine/Content/Tutorial/Basics/TutorialAssets/icon_tab_Levels_40x.uasset" 174
"../../../Engine/Content/EngineMaterials/HighResolutionScreenshotMaskFunction.uasset" 175
"../../../Engine/Content/EngineMaterials/HighResScreenshot.uasset" 176
"../../../Engine/Content/EngineMaterials/HighResScreenshotMask.uasset" 177
"../../../Engine/Content/EngineMaterials/HighResScreenshotCaptureRegion.uasset" 178
"../../../Engine/Content/EngineDebugMaterials/WireframeMaterial.uasset" 179
"../../../Engine/Content/Functions/Engine_MaterialFunctions01/Shading/ConvertFromDiffSpec.uasset" 180
"../../../Engine/Content/EngineDebugMaterials/LevelColorationLitMaterial.uasset" 181
"../../../Engine/Content/EngineDebugMaterials/LevelColorationUnlitMaterial.uasset" 182
"../../../Engine/Content/EngineMaterials/DefaultWhiteGrid.uasset" 183
"../../../Engine/Content/EngineDebugMaterials/MAT_LevelColorationLitLightmapUV.uasset" 184
"../../../Engine/Content/EngineDebugMaterials/ShadedLevelColorationLitMaterial.uasset" 185
"../../../Engine/Content/EngineDebugMaterials/ShadedLevelColorationUnlitMateri.uasset" 186
"../../../Engine/Content/EngineDebugMaterials/VertexColorMaterial.uasset" 187
"../../../Engine/Content/EngineDebugMaterials/VertexColorViewMode_ColorOnly.uasset" 188
"../../../Engine/Content/EngineDebugMaterials/VertexColorViewMode_AlphaAsColor.uasset" 189
"../../../Engine/Content/EngineDebugMaterials/VertexColorViewMode_RedOnly.uasset" 190
"../../../Engine/Content/EngineDebugMaterials/VertexColorViewMode_GreenOnly.uasset" 191
"../../../Engine/Content/EngineDebugMaterials/VertexColorViewMode_BlueOnly.uasset" 192
"../../../Engine/Content/EngineMaterials/RemoveSurfaceMaterial.uasset" 193
"../../../Engine/Content/EngineDebugMaterials/DebugMeshMaterial.uasset" 194
"../../../Engine/Content/EngineMaterials/InvalidLightmapSettings.uasset" 195
"../../../Engine/Content/EngineMaterials/M_InvalidLightmapSettings.uasset" 196
"../../../Engine/Content/EditorMaterials/GizmoMaterial.uasset" 197
"../../../Engine/Content/EngineDebugMaterials/GeomMaterial.uasset" 198
"../../../Engine/Content/EngineMaterials/EditorBrushMaterial.uasset" 199
"../../../Engine/Content/EngineDebugMaterials/HeatmapGradient.uasset" 200
"../../../Engine/Content/EngineDebugMaterials/BoneWeightMaterial.uasset" 201
"../../../Engine/Content/EditorMaterials/PreviewShadowIndicator.uasset" 202
"../../../Engine/Content/EditorMaterials/PreviewShadowIndicatorMaterial.uasset" 203
"../../../Engine/Content/EditorMaterials/PhAT_JointLimitMaterial.uasset" 204
"../../../Engine/Content/EditorResources/BSPVertex.uasset" 205
"../../../Engine/Content/EngineMaterials/Good64x64TilingNoiseHighFreq.uasset" 206
"../../../Engine/Content/EngineMaterials/DefaultBokeh.uasset" 207
"../../../Engine/Content/EngineMaterials/PreintegratedSkinBRDF.uasset" 208
"../../../Engine/Content/EngineMaterials/WeightMapPlaceholderTexture.uasset" 209
"../../../Engine/Content/EngineFonts/RobotoTiny.uasset" 210
"../../../Kapuzenstuhl/Content/Footstep_Radius.uasset" 211
"../../../Engine/Content/Tutorial/ContentIntroCurve.uasset" 212
"../../../Engine/Content/EditorMaterials/Cross.uasset" 213
"../../../Engine/Content/EditorMaterials/Cross_Mat.uasset" 214
"../../../Engine/Content/EditorMaterials/PhAT_BoneSelectedMaterial.uasset" 215
"../../../Engine/Content/EditorMaterials/PhAT_ElemSelectedMaterial.uasset" 216
"../../../Engine/Content/EditorMaterials/PhAT_NoCollisionMaterial.uasset" 217
"../../../Engine/Content/EditorMaterials/PhAT_UnselectedMaterial.uasset" 218
"../../../Engine/Content/EditorMaterials/Tick.uasset" 219
"../../../Engine/Content/EditorMaterials/Tick_Mat.uasset" 220
"../../../Engine/Content/EditorMaterials/WidgetGridVertexColorMaterial.uasset" 221
"../../../Engine/Content/EditorMaterials/WidgetGridVertexColorMaterial_Ma.uasset" 222
"../../../Engine/Content/EditorMaterials/WidgetMaterial.uasset" 223
"../../../Engine/Content/EditorMaterials/WidgetMaterial_Current.uasset" 224
"../../../Engine/Content/EditorMaterials/WidgetMaterial_X.uasset" 225
"../../../Engine/Content/EditorMaterials/WidgetMaterial_Y.uasset" 226
"../../../Engine/Content/EditorMaterials/WidgetMaterial_Z.uasset" 227
"../../../Engine/Content/EditorMaterials/WidgetVertexColorMaterial.uasset" 228
"../../../Engine/Content/EditorMaterials/CompositeARGBLayer.uasset" 229
"../../../Engine/Content/EditorMaterials/TilingAALineIntegral.uasset" 230
"../../../Engine/Content/EditorMaterials/TilingAALineBoxFiltered.uasset" 231
"../../../Engine/Content/Functions/Engine_MaterialFunctions03/Procedurals/ComputeFilterWidth.uasset" 232
"../../../Engine/Content/EditorMaterials/TilingAADots.uasset" 233
"../../../Engine/Content/EditorMaterials/Cascade/CASC_Cross.uasset" 234
"../../../Engine/Content/EditorMaterials/Cascade/CASC_None.uasset" 235
"../../../Engine/Content/Functions/Engine_MaterialFunctions03/Blends/Blend_Screen.uasset" 236
"../../../Engine/Content/EditorMaterials/TilingAAGrid.uasset" 237
"../../../Engine/Content/EditorMaterials/LevelGridMaterial.uasset" 238
"../../../Engine/Content/EditorResources/SmallFont.uasset" 239
"../../../Engine/Content/EditorResources/S_KBSJoint.uasset" 240
"../../../Engine/Content/EditorResources/S_KHinge.uasset" 241
"../../../Engine/Content/EditorResources/S_KPrismatic.uasset" 242
"../../../Engine/Content/EditorResources/LightIcons/S_LightError.uasset" 243
"../../../Engine/Content/EditorResources/Spline/T_Loft_Spline.uasset" 244
"../../../Engine/Content/EngineMaterials/BlinkingCaret.uasset" 245
"../../../Engine/Content/EngineMaterials/DefaultNormal.uasset" 246
"../../../Engine/Content/EngineMaterials/Grid_N.uasset" 247
"../../../Engine/Content/EngineMaterials/LandscapeHolePhysicalMaterial.uasset" 248
"../../../Engine/Content/EngineMaterials/PaperDiffuse.uasset" 249
"../../../Engine/Content/EngineMaterials/PaperNormal.uasset" 250
"../../../Engine/Content/EngineMaterials/PhysMat_Rubber.uasset" 251
"../../../Engine/Content/EngineFonts/SmallFont.uasset" 252
"../../../Engine/Content/EngineFonts/TinyFont.uasset" 253
"../../../Engine/Content/EngineResources/StreamingPauseIcon.uasset" 254
"../../../Engine/Content/EngineResources/M_StreamingPause.uasset" 255
"../../../Engine/Content/BasicShapes/Sphere.uasset" 256
"../../../Engine/Content/BasicShapes/Cylinder.uasset" 257
"../../../Engine/Content/BasicShapes/Cone.uasset" 258
"../../../Engine/Content/EditorResources/SequenceRecorder/Countdown.uasset" 259
"../../../Engine/Content/EditorResources/SequenceRecorder/RecordingIndicator.uasset" 260
"../../../Engine/Content/EditorLandscapeResources/DefaultAlphaTexture.uasset" 261
"../../../Engine/Content/EditorBlueprintResources/StandardMacros.uasset" 262
"../../../Kapuzenstuhl/Content/SoundCues/Bulb_Flicker.uasset" 263
"../../../Kapuzenstuhl/Content/SoundCues/Light_Switch_On.uasset" 264
"../../../Kapuzenstuhl/Content/Sounds/bulb_buzz.uasset" 265
"../../../Kapuzenstuhl/Content/Blueprints/SpotLight_Flicker.uasset" 266
"../../../Kapuzenstuhl/Content/Blueprints/Rooms/Room_001.uasset" 267
"../../../Kapuzenstuhl/Content/Blueprints/System/PlayerBPI.uasset" 268
"../../../Kapuzenstuhl/Content/Blueprints/Targets/TartetBPI.uasset" 269
"../../../Kapuzenstuhl/Content/Textures/crosshair.uasset" 270
"../../../Kapuzenstuhl/Content/Blueprints/UI/Crossair.uasset" 271
"../../../Kapuzenstuhl/Content/Blueprints/System/PlayerChar.uasset" 272
"../../../Kapuzenstuhl/Content/Blueprints/System/PlayerCon.uasset" 273
"../../../Kapuzenstuhl/Content/Blueprints/System/StandardFPS.uasset" 274
"../../../Kapuzenstuhl/Content/Decals/footprint_l.uasset" 275
"../../../Kapuzenstuhl/Content/Decals/footprint_l_Mat.uasset" 276
"../../../Kapuzenstuhl/Content/SoundCues/Footsteps_1.uasset" 277
"../../../Kapuzenstuhl/Content/Blueprints/Footprint_L.uasset" 278
"../../../Kapuzenstuhl/Content/Decals/footprint_r.uasset" 279
"../../../Kapuzenstuhl/Content/Decals/footprint_r_Mat.uasset" 280
"../../../Kapuzenstuhl/Content/Blueprints/Footprint_R.uasset" 281
"../../../Engine/Content/BasicShapes/BasicShapeMaterial.uasset" 282
"../../../Engine/Content/BasicShapes/Cube.uasset" 283
"../../../Kapuzenstuhl/Content/Blueprints/Targets/Footprint_Mover.uasset" 284
"../../../Kapuzenstuhl/Content/BumpingPub/Textures/Decal/T_Dirt_01_D.uasset" 285
"../../../Kapuzenstuhl/Content/BumpingPub/Textures/Decal/T_Dirt_01_N.uasset" 286
"../../../Kapuzenstuhl/Content/BumpingPub/Textures/Decal/T_Dirt_01_RGB.uasset" 287
"../../../Kapuzenstuhl/Content/BumpingPub/Materials/Decal/M_Dirt_01.uasset" 288
"../../../Kapuzenstuhl/Content/BumpingPub/Textures/Decal/T_Thatched_01_D.uasset" 289
"../../../Kapuzenstuhl/Content/BumpingPub/Textures/Decal/T_Thatched_01_N.uasset" 290
"../../../Kapuzenstuhl/Content/BumpingPub/Materials/Decal/m_Thatched_01.uasset" 291
"../../../Kapuzenstuhl/Content/BumpingPub/Textures/T_HighStool_01_D.uasset" 292
"../../../Kapuzenstuhl/Content/BumpingPub/Textures/T_HighStool_01_N.uasset" 293
"../../../Kapuzenstuhl/Content/BumpingPub/Textures/T_HighStool_01_RGB.uasset" 294
"../../../Kapuzenstuhl/Content/BumpingPub/Materials/BasicMaterial.uasset" 295
"../../../Kapuzenstuhl/Content/BumpingPub/Material_Instances/MI_Tavern_Inside_Pillars_01.uasset" 296
"../../../Kapuzenstuhl/Content/BumpingPub/Textures/M_CupBoard_01_D.uasset" 297
"../../../Kapuzenstuhl/Content/BumpingPub/Textures/M_CupBoard_01_N.uasset" 298
"../../../Kapuzenstuhl/Content/BumpingPub/Textures/M_CupBoard_01_RGB.uasset" 299
"../../../Kapuzenstuhl/Content/BumpingPub/Material_Instances/M_M_CupBoard_01.uasset" 300
"../../../Kapuzenstuhl/Content/BumpingPub/Meshes/M_CupBoard_01.uasset" 301
"../../../Kapuzenstuhl/Content/BumpingPub/Textures/T_Tavern_Inside_OldChair_01_D.uasset" 302
"../../../Kapuzenstuhl/Content/BumpingPub/Textures/T_Tavern_Inside_OldChair_01_N.uasset" 303
"../../../Kapuzenstuhl/Content/BumpingPub/Textures/T_Tavern_Inside_OldChair_01_RGB.uasset" 304
"../../../Kapuzenstuhl/Content/BumpingPub/Material_Instances/MI_Tavern_Inside_OldChair_01.uasset" 305
"../../../Kapuzenstuhl/Content/BumpingPub/Textures/T_Tavern_Inside_BarCounter_01_D.uasset" 306
"../../../Kapuzenstuhl/Content/BumpingPub/Textures/T_Tavern_Inside_BarCounter_01_N.uasset" 307
"../../../Kapuzenstuhl/Content/BumpingPub/Textures/T_Tavern_Inside_BarCounter_01_RGB.uasset" 308
"../../../Kapuzenstuhl/Content/BumpingPub/Material_Instances/MI_Tavern_Inside_BarCounter_01.uasset" 309
"../../../Kapuzenstuhl/Content/BumpingPub/Textures/M_Tavern_Inside_fruit_D.uasset" 310
"../../../Kapuzenstuhl/Content/BumpingPub/Textures/M_Tavern_Inside_fruit_N.uasset" 311
"../../../Kapuzenstuhl/Content/BumpingPub/Textures/M_Tavern_Inside_fruit_RGB.uasset" 312
"../../../Kapuzenstuhl/Content/BumpingPub/Material_Instances/MI_Tavern_Inside_Fruit.uasset" 313
"../../../Kapuzenstuhl/Content/BumpingPub/Meshes/M_Tavern_Inside_Apple_01.uasset" 314
"../../../Kapuzenstuhl/Content/BumpingPub/Material_Instances/MI_Tavern_Inside_Bag_01.uasset" 315
"../../../Kapuzenstuhl/Content/BumpingPub/Meshes/M_Tavern_Inside_Bag_01.uasset" 316
"../../../Kapuzenstuhl/Content/BumpingPub/Textures/T_Tavern_Inside_Spoon_02_D.uasset" 317
"../../../Kapuzenstuhl/Content/BumpingPub/Textures/T_Tavern_Inside_Spoon_02_N.uasset" 318
"../../../Kapuzenstuhl/Content/BumpingPub/Textures/T_Tavern_Inside_Spoon_02_RGB.uasset" 319
"../../../Kapuzenstuhl/Content/BumpingPub/Material_Instances/MI_Tavern_Inside_Spoon_02.uasset" 320
"../../../Kapuzenstuhl/Content/BumpingPub/Textures/T_Tavern_Inside_Basket_01_D.uasset" 321
"../../../Kapuzenstuhl/Content/BumpingPub/Textures/T_Tavern_Inside_Basket_01_N.uasset" 322
"../../../Kapuzenstuhl/Content/BumpingPub/Textures/T_Tavern_Inside_Basket_01_RGB.uasset" 323
"../../../Kapuzenstuhl/Content/BumpingPub/Material_Instances/MI_Tavern_Inside_Basket_01.uasset" 324
"../../../Kapuzenstuhl/Content/BumpingPub/Meshes/M_Tavern_Inside_Basket_01.uasset" 325
"../../../Kapuzenstuhl/Content/BumpingPub/Textures/T_Tavern_Inside_WoodRack_01_D.uasset" 326
"../../../Kapuzenstuhl/Content/BumpingPub/Textures/T_Tavern_Inside_WoodRack_01_N.uasset" 327
"../../../Kapuzenstuhl/Content/BumpingPub/Textures/T_Tavern_Inside_WoodRack_01_RGB.uasset" 328
"../../../Kapuzenstuhl/Content/BumpingPub/Material_Instances/MI_Tavern_Inside_WoodRack_01.uasset" 329
"../../../Kapuzenstuhl/Content/BumpingPub/Textures/Tavern_Inside_Cutlery_D.uasset" 330
"../../../Kapuzenstuhl/Content/BumpingPub/Textures/Tavern_Inside_Cutlery_N.uasset" 331
"../../../Kapuzenstuhl/Content/BumpingPub/Textures/Tavern_Inside_Cutlery_RGB.uasset" 332
"../../../Kapuzenstuhl/Content/BumpingPub/Material_Instances/MI_Tavern_Inside_Cutlery.uasset" 333
"../../../Kapuzenstuhl/Content/BumpingPub/Meshes/M_Tavern_Inside_Bowl.uasset" 334
"../../../Kapuzenstuhl/Content/BumpingPub/Materials/BasicMaterial_hardalpha.uasset" 335
"../../../Kapuzenstuhl/Content/BumpingPub/Textures/T_Tavern_inside_candleholders_01_D.uasset" 336
"../../../Kapuzenstuhl/Content/BumpingPub/Textures/t_Tavern_inside_candleholders_01_N.uasset" 337
"../../../Kapuzenstuhl/Content/BumpingPub/Textures/T_Tavern_inside_candleholders_01_RGB.uasset" 338
"../../../Kapuzenstuhl/Content/BumpingPub/Material_Instances/MI_Tavern_inside_candleholders_01.uasset" 339
"../../../Kapuzenstuhl/Content/BumpingPub/Materials/BasicMaterial_hardalpha_3S.uasset" 340
"../../../Kapuzenstuhl/Content/BumpingPub/Material_Instances/MI_Tavern_inside_candleholders_01_3s.uasset" 341
"../../../Kapuzenstuhl/Content/BumpingPub/Meshes/M_Tavern_Inside_Candleholders_01.uasset" 342
"../../../Kapuzenstuhl/Content/BumpingPub/Meshes/M_Tavern_Inside_Candleholders_03.uasset" 343
"../../../Kapuzenstuhl/Content/BumpingPub/Meshes/M_Tavern_inside_candles_01.uasset" 344
"../../../Kapuzenstuhl/Content/BumpingPub/Textures/T_Tavern_Inside_CandLestick_01_D.uasset" 345
"../../../Kapuzenstuhl/Content/BumpingPub/Textures/T_Tavern_Inside_CandLestick_01_N.uasset" 346
"../../../Kapuzenstuhl/Content/BumpingPub/Textures/T_Tavern_Inside_CandLestick_01_S.uasset" 347
"../../../Kapuzenstuhl/Content/BumpingPub/Material_Instances/MI_Tavern_Inside_CandLestick_01.uasset" 348
"../../../Kapuzenstuhl/Content/BumpingPub/Meshes/M_Tavern_inside_candlestick_01.uasset" 349
"../../../Kapuzenstuhl/Content/BumpingPub/Textures/T_Tavern_Inside_Candlesword_01_D.uasset" 350
"../../../Kapuzenstuhl/Content/BumpingPub/Textures/T_Tavern_Inside_Candlesword_01_N.uasset" 351
"../../../Kapuzenstuhl/Content/BumpingPub/Textures/T_Tavern_Inside_Candlesword_01_RGB.uasset" 352
"../../../Kapuzenstuhl/Content/BumpingPub/Material_Instances/MI_Tavern_Inside_Candlesword_01.uasset" 353
"../../../Kapuzenstuhl/Content/BumpingPub/Meshes/M_Tavern_Inside_Candlesword_01.uasset" 354
"../../../Kapuzenstuhl/Content/BumpingPub/Meshes/M_Tavern_Inside_Cann.uasset" 355
"../../../Kapuzenstuhl/Content/BumpingPub/Meshes/M_Tavern_Inside_Cupboard_02.uasset" 356
"../../../Kapuzenstuhl/Content/BumpingPub/Meshes/M_Tavern_Inside_Cupboard_03.uasset" 357
"../../../Kapuzenstuhl/Content/BumpingPub/Textures/T_Tavern_Inside_Door_01_D.uasset" 358
"../../../Kapuzenstuhl/Content/BumpingPub/Textures/T_Tavern_Inside_Door_01_N.uasset" 359
"../../../Kapuzenstuhl/Content/BumpingPub/Textures/T_Tavern_Inside_Door_01_RGB.uasset" 360
"../../../Kapuzenstuhl/Content/BumpingPub/Material_Instances/MI_Tavern_Inside_Door_01.uasset" 361
"../../../Kapuzenstuhl/Content/BumpingPub/Meshes/M_Tavern_Inside_Door_01.uasset" 362
"../../../Kapuzenstuhl/Content/BumpingPub/Textures/M_Tavern_Inside_Fabric_02_D.uasset" 363
"../../../Kapuzenstuhl/Content/BumpingPub/Textures/M_Tavern_Inside_Fabric_02_N.uasset" 364
"../../../Kapuzenstuhl/Content/BumpingPub/Textures/M_Tavern_Inside_Fabric_02_RGB.uasset" 365
"../../../Kapuzenstuhl/Content/BumpingPub/Material_Instances/MI_Tavern_Inside_Fabric_02_Inst.uasset" 366
"../../../Kapuzenstuhl/Content/BumpingPub/Meshes/M_Tavern_Inside_Fabric_02.uasset" 367
"../../../Kapuzenstuhl/Content/BumpingPub/Meshes/M_Tavern_Inside_KiwiFruit_01.uasset" 368
"../../../Kapuzenstuhl/Content/BumpingPub/Meshes/M_Tavern_Inside_OldChair_01.uasset" 369
"../../../Kapuzenstuhl/Content/BumpingPub/Meshes/M_Tavern_Inside_Orange_01.uasset" 370
"../../../Kapuzenstuhl/Content/BumpingPub/Meshes/M_Tavern_Inside_Plate_01.uasset" 371
"../../../Kapuzenstuhl/Content/BumpingPub/Meshes/M_Tavern_Inside_Plate_02.uasset" 372
"../../../Kapuzenstuhl/Content/BumpingPub/Textures/T_Tavern_Inside_SquareTable_D.uasset" 373
"../../../Kapuzenstuhl/Content/BumpingPub/Textures/T_Tavern_Inside_SquareTable_N.uasset" 374
"../../../Kapuzenstuhl/Content/BumpingPub/Textures/T_Tavern_Inside_SquareTable_RGB.uasset" 375
"../../../Kapuzenstuhl/Content/BumpingPub/Material_Instances/MI_Tavern_Inside_SquareTable_01.uasset" 376
"../../../Kapuzenstuhl/Content/BumpingPub/Meshes/M_Tavern_Inside_SquareStool.uasset" 377
"../../../Kapuzenstuhl/Content/BumpingPub/Meshes/M_Tavern_Inside_SquareTable.uasset" 378
"../../../Kapuzenstuhl/Content/BumpingPub/Textures/T_WineCast_D.uasset" 379
"../../../Kapuzenstuhl/Content/BumpingPub/Textures/T_WineCast_N.uasset" 380
"../../../Kapuzenstuhl/Content/BumpingPub/Textures/T_WineCast_RGB.uasset" 381
"../../../Kapuzenstuhl/Content/BumpingPub/Material_Instances/M_M_WineCast.uasset" 382
"../../../Kapuzenstuhl/Content/BumpingPub/Meshes/M_Tavern_Inside_WinCast_02.uasset" 383
"../../../Kapuzenstuhl/Content/BumpingPub/Textures/T_Tavern_Inside_Windows_01_D.uasset" 384
"../../../Kapuzenstuhl/Content/BumpingPub/Textures/T_Tavern_Inside_Windows_01_N.uasset" 385
"../../../Kapuzenstuhl/Content/BumpingPub/Textures/T_Tavern_Inside_Windows_01_RGB.uasset" 386
"../../../Kapuzenstuhl/Content/BumpingPub/Material_Instances/MI_Tavern_Inside_Windows_01.uasset" 387
"../../../Kapuzenstuhl/Content/BumpingPub/Meshes/M_Tavern_Inside_Windows_02.uasset" 388
"../../../Kapuzenstuhl/Content/BumpingPub/Meshes/M_Tavern_Inside_WinePot.uasset" 389
"../../../Kapuzenstuhl/Content/BumpingPub/Particle/P_Candlelight_01.uasset" 390
"../../../Engine/Content/EditorSounds/GamePreview/EndPlayInEditor.uasset" 391
"../../../Engine/Content/EditorSounds/GamePreview/EndPlayInEditor_Cue.uasset" 392
"../../../Engine/Content/EditorResources/EmptyActor.uasset" 393
"../../../Engine/Content/EditorMaterials/MakeCompositeARGBLayer.uasset" 394
"../../../Engine/Content/EditorResources/LevelGrid1DStripes.uasset" 395
"../../../Engine/Content/EditorMaterials/TextureGridCascaded1D.uasset" 396
"../../../Engine/Content/EditorMaterials/TextureGridCascaded2D.uasset" 397
"../../../Engine/Content/EditorMaterials/LevelGridMaterial2.uasset" 398
"../../../Engine/Content/MobileResources/HUD/MobileHUDButton3.uasset" 399
"../../../Engine/Content/MobileResources/HUD/MobileHUDButton1_off.uasset" 400
"../../../Engine/Content/MobileResources/HUD/MobileHUDDirectionPad3.uasset" 401
"../../../Engine/Content/MobileResources/T_MobileMenu2.uasset" 402
"../../../Engine/Content/MobileResources/HUD/MobileHUDButton2_off.uasset" 403
"../../../Engine/Content/MobileResources/HUD/MobileHUDDirectionPad.uasset" 404
"../../../Engine/Content/MobileResources/HUD/T_Castle_ThumbstickInner.uasset" 405
"../../../Engine/Content/EditorSounds/GamePreview/StartPlayInEditor.uasset" 406
"../../../Engine/Content/EditorSounds/GamePreview/StartPlayInEditor_Cue.uasset" 407
"../../../Engine/Content/MobileResources/T_MobileControls_texture.uasset" 408
"../../../Engine/Content/MobileResources/HUD/AnalogHat.uasset" 409
"../../../Engine/Content/MobileResources/HUD/VirtualJoystick_Background.uasset" 410
"../../../Engine/Content/MobileResources/HUD/VirtualJoystick_Thumb.uasset" 411
"../../../Engine/Content/MobileResources/HUD/DefaultVirtualJoysticks.uasset" 412
"../../../Engine/Content/MobileResources/HUD/LeftVirtualJoystickOnly.uasset" 413
"../../../Engine/Content/MobileResources/HUD/MobileHUDButton1_on.uasset" 414
"../../../Engine/Content/MobileResources/HUD/MobileHUDButton2_on.uasset" 415
"../../../Engine/Content/MobileResources/HUD/MobileHUDButtonFire.uasset" 416
"../../../Engine/Content/MobileResources/HUD/MobileHUDDirectionPad2.uasset" 417
"../../../Engine/Content/MobileResources/HUD/MobileHUDDirectionStick.uasset" 418
"../../../Engine/Content/MobileResources/HUD/T_Castle_ThumbstickOutter.uasset" 419
"../../../Kapuzenstuhl/Content/Blueprints/UI/MainMenu.uasset" 420
"../../../Kapuzenstuhl/Content/Blueprints/UI/MainMenuHUD.uasset" 421
"../../../Kapuzenstuhl/Content/Blueprints/UI/MainMenuMode.uasset" 422
"../../../Kapuzenstuhl/Content/BumpingPub/Textures/T_Tavern_Inside_Wall_brick_02_D.uasset" 423
"../../../Kapuzenstuhl/Content/BumpingPub/Textures/T_Tavern_Inside_Wall_brick_02_N.uasset" 424
"../../../Kapuzenstuhl/Content/BumpingPub/Textures/T_Tavern_Inside_Wall_brick_02_RGB.uasset" 425
"../../../Kapuzenstuhl/Content/BumpingPub/Materials/Wall_Material.uasset" 426
"../../../Kapuzenstuhl/Content/BumpingPub/Textures/T_Tavern_Inside_WoodFloor_D.uasset" 427
"../../../Kapuzenstuhl/Content/BumpingPub/Textures/T_Tavern_Inside_WoodFloor_N.uasset" 428
"../../../Kapuzenstuhl/Content/BumpingPub/Textures/T_Tavern_Inside_WoodFloor_RGB.uasset" 429
"../../../Kapuzenstuhl/Content/BumpingPub/Material_Instances/MI_Tavern_Inside_WoodFloor.uasset" 430
"../../../Kapuzenstuhl/Content/Textures/Kapuzenstuhl_Albedo.uasset" 431
"../../../Kapuzenstuhl/Content/Textures/Kapuzenstuhl_Ambient_Occlusion.uasset" 432
"../../../Kapuzenstuhl/Content/Textures/Kapuzenstuhl_Normal.uasset" 433
"../../../Kapuzenstuhl/Content/Textures/Kapuzenstuhl_Roughness.uasset" 434
"../../../Kapuzenstuhl/Content/Materials/Kapuzenstuhl.uasset" 435
"../../../Kapuzenstuhl/Content/Models/Kapuzenstuhl.uasset" 436
"../../../Kapuzenstuhl/Content/Maps/MainMenue.umap" 437
